<?xml version="1.0" encoding="UTF-8"?>
<!-- Generated by org.testng.reporters.JUnitReportReporter -->
<testsuite hostname="SIPL92" failures="0" tests="1" name="rms_Admin.DynamicTest" time="0.000" errors="0" timestamp="2022-02-03T11:11:23 IST" skipped="1">
  <testcase classname="rms_Admin.DynamicTest" name="dynamicTest" time="0.000">
    <skipped/>
  </testcase> <!-- dynamicTest -->
  <system-out/>
</testsuite> <!-- rms_Admin.DynamicTest -->
