<?xml version="1.0" encoding="UTF-8"?>
<!-- Generated by org.testng.reporters.JUnitReportReporter -->
<testsuite hostname="SIPL92" failures="0" tests="1" name="rms_Dashboard.DashBoard" time="35.009" errors="0" timestamp="2022-02-03T17:11:43 IST" skipped="0">
  <testcase classname="rms_Dashboard.DashBoard" name="dashboard" time="35.009"/>
  <system-out/>
</testsuite> <!-- rms_Dashboard.DashBoard -->
