<?xml version="1.0" encoding="UTF-8"?>
<!-- Generated by org.testng.reporters.JUnitReportReporter -->
<testsuite hostname="SIPL92" failures="0" tests="1" name="rms_Dashboard.DashBoard" time="11.392" errors="0" timestamp="2022-01-25T11:38:22 IST" skipped="0">
  <testcase classname="rms_Dashboard.DashBoard" name="dashboard" time="11.392"/>
  <system-out/>
</testsuite> <!-- rms_Dashboard.DashBoard -->
